mode: set
github.com/wanaware/gcp-security-analyzer/main.go:12.13,14.2 1 0
github.com/wanaware/gcp-security-analyzer/cmd/analyzer/analyze.go:52.36,81.43 24 0
github.com/wanaware/gcp-security-analyzer/cmd/analyzer/analyze.go:81.43,84.3 2 0
github.com/wanaware/gcp-security-analyzer/cmd/analyzer/analyze.go:86.2,86.21 1 0
github.com/wanaware/gcp-security-analyzer/cmd/analyzer/analyze.go:86.21,89.3 2 0
github.com/wanaware/gcp-security-analyzer/cmd/analyzer/analyze.go:91.2,97.16 5 0
github.com/wanaware/gcp-security-analyzer/cmd/analyzer/analyze.go:97.16,100.3 2 0
github.com/wanaware/gcp-security-analyzer/cmd/analyzer/analyze.go:101.2,110.29 6 0
github.com/wanaware/gcp-security-analyzer/cmd/analyzer/analyze.go:110.29,112.3 1 0
github.com/wanaware/gcp-security-analyzer/cmd/analyzer/analyze.go:115.2,115.27 1 0
github.com/wanaware/gcp-security-analyzer/cmd/analyzer/analyze.go:115.27,119.3 3 0
github.com/wanaware/gcp-security-analyzer/cmd/analyzer/analyze.go:122.2,129.26 5 0
github.com/wanaware/gcp-security-analyzer/cmd/analyzer/analyze.go:129.26,131.3 1 0
github.com/wanaware/gcp-security-analyzer/cmd/analyzer/analyze.go:134.2,140.44 4 0
github.com/wanaware/gcp-security-analyzer/cmd/analyzer/analyze.go:140.44,142.19 2 0
github.com/wanaware/gcp-security-analyzer/cmd/analyzer/analyze.go:142.19,144.4 1 0
github.com/wanaware/gcp-security-analyzer/cmd/analyzer/analyze.go:145.3,145.25 1 0
github.com/wanaware/gcp-security-analyzer/cmd/analyzer/analyze.go:145.25,146.36 1 0
github.com/wanaware/gcp-security-analyzer/cmd/analyzer/analyze.go:146.36,148.19 2 0
github.com/wanaware/gcp-security-analyzer/cmd/analyzer/analyze.go:148.19,151.6 2 0
github.com/wanaware/gcp-security-analyzer/cmd/analyzer/analyze.go:152.5,152.34 1 0
github.com/wanaware/gcp-security-analyzer/cmd/analyzer/analyze.go:152.34,154.6 1 0
github.com/wanaware/gcp-security-analyzer/cmd/analyzer/analyze.go:156.9,158.18 2 0
github.com/wanaware/gcp-security-analyzer/cmd/analyzer/analyze.go:158.18,161.5 2 0
github.com/wanaware/gcp-security-analyzer/cmd/analyzer/analyze.go:162.4,162.33 1 0
github.com/wanaware/gcp-security-analyzer/cmd/analyzer/analyze.go:162.33,164.5 1 0
github.com/wanaware/gcp-security-analyzer/cmd/analyzer/analyze.go:166.8,170.65 3 0
github.com/wanaware/gcp-security-analyzer/cmd/analyzer/analyze.go:170.65,173.4 2 0
github.com/wanaware/gcp-security-analyzer/cmd/analyzer/analyze.go:174.3,174.51 1 0
github.com/wanaware/gcp-security-analyzer/cmd/analyzer/analyze.go:177.2,177.10 1 0
github.com/wanaware/gcp-security-analyzer/cmd/analyzer/analyze.go:181.83,184.25 2 0
github.com/wanaware/gcp-security-analyzer/cmd/analyzer/analyze.go:184.25,187.32 3 0
github.com/wanaware/gcp-security-analyzer/cmd/analyzer/analyze.go:187.32,189.4 1 0
github.com/wanaware/gcp-security-analyzer/cmd/analyzer/analyze.go:190.3,191.28 2 0
github.com/wanaware/gcp-security-analyzer/cmd/analyzer/analyze.go:191.28,192.23 1 0
github.com/wanaware/gcp-security-analyzer/cmd/analyzer/analyze.go:192.23,194.5 1 0
github.com/wanaware/gcp-security-analyzer/cmd/analyzer/analyze.go:196.3,196.15 1 0
github.com/wanaware/gcp-security-analyzer/cmd/analyzer/analyze.go:199.2,199.25 1 0
github.com/wanaware/gcp-security-analyzer/cmd/analyzer/analyze.go:199.25,202.32 3 0
github.com/wanaware/gcp-security-analyzer/cmd/analyzer/analyze.go:202.32,204.4 1 0
github.com/wanaware/gcp-security-analyzer/cmd/analyzer/analyze.go:205.3,206.28 2 0
github.com/wanaware/gcp-security-analyzer/cmd/analyzer/analyze.go:206.28,207.23 1 0
github.com/wanaware/gcp-security-analyzer/cmd/analyzer/analyze.go:207.23,209.5 1 0
github.com/wanaware/gcp-security-analyzer/cmd/analyzer/analyze.go:211.3,211.15 1 0
github.com/wanaware/gcp-security-analyzer/cmd/analyzer/analyze.go:214.2,214.23 1 0
github.com/wanaware/gcp-security-analyzer/cmd/analyzer/analyze.go:214.23,217.30 3 0
github.com/wanaware/gcp-security-analyzer/cmd/analyzer/analyze.go:217.30,219.4 1 0
github.com/wanaware/gcp-security-analyzer/cmd/analyzer/analyze.go:220.3,221.28 2 0
github.com/wanaware/gcp-security-analyzer/cmd/analyzer/analyze.go:221.28,222.53 1 0
github.com/wanaware/gcp-security-analyzer/cmd/analyzer/analyze.go:222.53,224.5 1 0
github.com/wanaware/gcp-security-analyzer/cmd/analyzer/analyze.go:226.3,226.15 1 0
github.com/wanaware/gcp-security-analyzer/cmd/analyzer/analyze.go:229.2,229.50 1 0
github.com/wanaware/gcp-security-analyzer/cmd/analyzer/analyze.go:229.50,231.28 2 0
github.com/wanaware/gcp-security-analyzer/cmd/analyzer/analyze.go:231.28,232.26 1 0
github.com/wanaware/gcp-security-analyzer/cmd/analyzer/analyze.go:232.26,233.13 1 0
github.com/wanaware/gcp-security-analyzer/cmd/analyzer/analyze.go:235.4,235.84 1 0
github.com/wanaware/gcp-security-analyzer/cmd/analyzer/analyze.go:235.84,237.5 1 0
github.com/wanaware/gcp-security-analyzer/cmd/analyzer/analyze.go:239.3,239.15 1 0
github.com/wanaware/gcp-security-analyzer/cmd/analyzer/analyze.go:242.2,242.15 1 0
github.com/wanaware/gcp-security-analyzer/cmd/analyzer/analyze.go:246.48,247.22 1 0
github.com/wanaware/gcp-security-analyzer/cmd/analyzer/analyze.go:247.22,249.3 1 0
github.com/wanaware/gcp-security-analyzer/cmd/analyzer/analyze.go:250.2,250.28 1 0
github.com/wanaware/gcp-security-analyzer/cmd/analyzer/analyze.go:254.37,264.2 9 0
github.com/wanaware/gcp-security-analyzer/cmd/analyzer/analyze.go:266.36,269.26 3 0
github.com/wanaware/gcp-security-analyzer/cmd/analyzer/analyze.go:269.26,271.14 2 0
github.com/wanaware/gcp-security-analyzer/cmd/analyzer/analyze.go:271.14,273.4 1 0
github.com/wanaware/gcp-security-analyzer/cmd/analyzer/analyze.go:275.2,275.12 1 0
github.com/wanaware/gcp-security-analyzer/cmd/analyzer/analyze.go:278.37,281.26 3 0
github.com/wanaware/gcp-security-analyzer/cmd/analyzer/analyze.go:281.26,283.14 2 0
github.com/wanaware/gcp-security-analyzer/cmd/analyzer/analyze.go:283.14,285.4 1 0
github.com/wanaware/gcp-security-analyzer/cmd/analyzer/analyze.go:287.2,287.12 1 0
github.com/wanaware/gcp-security-analyzer/cmd/analyzer/filter.go:24.35,39.43 12 0
github.com/wanaware/gcp-security-analyzer/cmd/analyzer/filter.go:39.43,42.3 2 0
github.com/wanaware/gcp-security-analyzer/cmd/analyzer/filter.go:44.2,44.21 1 0
github.com/wanaware/gcp-security-analyzer/cmd/analyzer/filter.go:44.21,47.3 2 0
github.com/wanaware/gcp-security-analyzer/cmd/analyzer/filter.go:49.2,54.16 4 0
github.com/wanaware/gcp-security-analyzer/cmd/analyzer/filter.go:54.16,57.3 2 0
github.com/wanaware/gcp-security-analyzer/cmd/analyzer/filter.go:58.2,66.29 5 0
github.com/wanaware/gcp-security-analyzer/cmd/analyzer/filter.go:66.29,68.3 1 0
github.com/wanaware/gcp-security-analyzer/cmd/analyzer/filter.go:71.2,72.15 2 0
github.com/wanaware/gcp-security-analyzer/cmd/analyzer/filter.go:72.15,74.3 1 0
github.com/wanaware/gcp-security-analyzer/cmd/analyzer/filter.go:75.2,76.15 2 0
github.com/wanaware/gcp-security-analyzer/cmd/analyzer/filter.go:76.15,78.3 1 0
github.com/wanaware/gcp-security-analyzer/cmd/analyzer/filter.go:79.2,80.19 2 0
github.com/wanaware/gcp-security-analyzer/cmd/analyzer/filter.go:80.19,82.3 1 0
github.com/wanaware/gcp-security-analyzer/cmd/analyzer/filter.go:85.2,103.19 8 0
github.com/wanaware/gcp-security-analyzer/cmd/analyzer/filter.go:103.19,105.3 1 0
github.com/wanaware/gcp-security-analyzer/cmd/analyzer/filter.go:105.8,107.17 2 0
github.com/wanaware/gcp-security-analyzer/cmd/analyzer/filter.go:107.17,110.4 2 0
github.com/wanaware/gcp-security-analyzer/cmd/analyzer/filter.go:111.3,111.24 1 0
github.com/wanaware/gcp-security-analyzer/cmd/analyzer/filter.go:114.2,114.49 1 0
github.com/wanaware/gcp-security-analyzer/cmd/analyzer/filter.go:114.49,117.3 2 0
github.com/wanaware/gcp-security-analyzer/cmd/analyzer/filter.go:119.2,119.19 1 0
github.com/wanaware/gcp-security-analyzer/cmd/analyzer/filter.go:119.19,121.3 1 0
github.com/wanaware/gcp-security-analyzer/cmd/analyzer/filter.go:122.2,122.10 1 0
github.com/wanaware/gcp-security-analyzer/cmd/analyzer/root.go:23.33,24.20 1 0
github.com/wanaware/gcp-security-analyzer/cmd/analyzer/root.go:24.20,27.3 2 0
github.com/wanaware/gcp-security-analyzer/cmd/analyzer/root.go:29.2,34.30 4 0
github.com/wanaware/gcp-security-analyzer/cmd/analyzer/root.go:34.30,35.21 1 0
github.com/wanaware/gcp-security-analyzer/cmd/analyzer/root.go:35.21,37.4 1 0
github.com/wanaware/gcp-security-analyzer/cmd/analyzer/root.go:37.9,37.43 1 0
github.com/wanaware/gcp-security-analyzer/cmd/analyzer/root.go:37.43,39.4 1 0
github.com/wanaware/gcp-security-analyzer/cmd/analyzer/root.go:41.2,43.13 2 0
github.com/wanaware/gcp-security-analyzer/cmd/analyzer/root.go:44.17,45.31 1 0
github.com/wanaware/gcp-security-analyzer/cmd/analyzer/root.go:46.15,47.29 1 0
github.com/wanaware/gcp-security-analyzer/cmd/analyzer/root.go:48.16,49.30 1 0
github.com/wanaware/gcp-security-analyzer/cmd/analyzer/root.go:50.30,52.11 2 0
github.com/wanaware/gcp-security-analyzer/cmd/analyzer/root.go:53.30,55.11 2 0
github.com/wanaware/gcp-security-analyzer/cmd/analyzer/root.go:56.10,59.11 3 0
github.com/wanaware/gcp-security-analyzer/cmd/analyzer/root.go:63.19,109.2 1 0
github.com/wanaware/gcp-security-analyzer/cmd/analyzer/stats.go:18.34,25.43 5 0
github.com/wanaware/gcp-security-analyzer/cmd/analyzer/stats.go:25.43,28.3 2 0
github.com/wanaware/gcp-security-analyzer/cmd/analyzer/stats.go:30.2,30.21 1 0
github.com/wanaware/gcp-security-analyzer/cmd/analyzer/stats.go:30.21,33.3 2 0
github.com/wanaware/gcp-security-analyzer/cmd/analyzer/stats.go:35.2,36.14 2 0
github.com/wanaware/gcp-security-analyzer/cmd/analyzer/stats.go:36.14,38.3 1 0
github.com/wanaware/gcp-security-analyzer/cmd/analyzer/stats.go:41.2,43.16 3 0
github.com/wanaware/gcp-security-analyzer/cmd/analyzer/stats.go:43.16,46.3 2 0
github.com/wanaware/gcp-security-analyzer/cmd/analyzer/stats.go:49.2,54.29 4 0
github.com/wanaware/gcp-security-analyzer/cmd/analyzer/stats.go:54.29,56.3 1 0
github.com/wanaware/gcp-security-analyzer/cmd/analyzer/stats.go:59.2,86.19 23 0
github.com/wanaware/gcp-security-analyzer/cmd/analyzer/stats.go:86.19,88.3 1 0
github.com/wanaware/gcp-security-analyzer/cmd/analyzer/stats.go:89.2,89.24 1 0
github.com/wanaware/gcp-security-analyzer/cmd/analyzer/stats.go:89.24,91.3 1 0
github.com/wanaware/gcp-security-analyzer/cmd/analyzer/stats.go:93.2,93.34 1 0
github.com/wanaware/gcp-security-analyzer/cmd/analyzer/stats.go:93.34,96.39 3 0
github.com/wanaware/gcp-security-analyzer/cmd/analyzer/stats.go:96.39,98.4 1 0
github.com/wanaware/gcp-security-analyzer/cmd/analyzer/stats.go:99.3,100.26 2 0
github.com/wanaware/gcp-security-analyzer/cmd/analyzer/stats.go:100.26,102.4 1 0
github.com/wanaware/gcp-security-analyzer/cmd/analyzer/stats.go:105.2,105.33 1 0
github.com/wanaware/gcp-security-analyzer/cmd/analyzer/stats.go:105.33,111.41 3 0
github.com/wanaware/gcp-security-analyzer/cmd/analyzer/stats.go:111.41,116.4 1 0
github.com/wanaware/gcp-security-analyzer/cmd/analyzer/stats.go:117.3,117.41 1 0
github.com/wanaware/gcp-security-analyzer/cmd/analyzer/stats.go:117.41,117.83 1 0
github.com/wanaware/gcp-security-analyzer/cmd/analyzer/stats.go:118.3,119.25 2 0
github.com/wanaware/gcp-security-analyzer/cmd/analyzer/stats.go:119.25,121.4 1 0
github.com/wanaware/gcp-security-analyzer/cmd/analyzer/stats.go:122.3,122.38 1 0
github.com/wanaware/gcp-security-analyzer/cmd/analyzer/stats.go:122.38,124.4 1 0
github.com/wanaware/gcp-security-analyzer/cmd/analyzer/stats.go:127.2,128.10 2 0
github.com/wanaware/gcp-security-analyzer/internal/models/finding.go:80.39,81.20 1 0
github.com/wanaware/gcp-security-analyzer/internal/models/finding.go:82.18,83.11 1 0
github.com/wanaware/gcp-security-analyzer/internal/models/finding.go:84.14,85.11 1 0
github.com/wanaware/gcp-security-analyzer/internal/models/finding.go:86.16,87.11 1 0
github.com/wanaware/gcp-security-analyzer/internal/models/finding.go:88.13,89.11 1 0
github.com/wanaware/gcp-security-analyzer/internal/models/finding.go:90.10,91.11 1 0
github.com/wanaware/gcp-security-analyzer/internal/models/finding.go:96.35,98.2 1 0
github.com/wanaware/gcp-security-analyzer/internal/models/finding.go:101.33,103.2 1 0
github.com/wanaware/gcp-security-analyzer/internal/models/finding.go:106.38,107.18 1 0
github.com/wanaware/gcp-security-analyzer/internal/models/finding.go:107.18,109.3 1 0
github.com/wanaware/gcp-security-analyzer/internal/models/finding.go:110.2,110.40 1 0
github.com/wanaware/gcp-security-analyzer/internal/models/finding.go:110.40,111.23 1 0
github.com/wanaware/gcp-security-analyzer/internal/models/finding.go:111.23,113.4 1 0
github.com/wanaware/gcp-security-analyzer/internal/models/finding.go:115.2,115.15 1 0
github.com/wanaware/gcp-security-analyzer/internal/models/risk_score.go:77.46,78.9 1 0
github.com/wanaware/gcp-security-analyzer/internal/models/risk_score.go:79.19,80.26 1 0
github.com/wanaware/gcp-security-analyzer/internal/models/risk_score.go:81.19,82.22 1 0
github.com/wanaware/gcp-security-analyzer/internal/models/risk_score.go:83.19,84.24 1 0
github.com/wanaware/gcp-security-analyzer/internal/models/risk_score.go:85.10,86.21 1 0
github.com/wanaware/gcp-security-analyzer/pkg/remediation/guidance.go:15.32,15.55 1 0
github.com/wanaware/gcp-security-analyzer/pkg/remediation/guidance.go:18.73,30.2 9 0
github.com/wanaware/gcp-security-analyzer/pkg/remediation/guidance.go:33.61,34.29 1 0
github.com/wanaware/gcp-security-analyzer/pkg/remediation/guidance.go:34.29,36.3 1 0
github.com/wanaware/gcp-security-analyzer/pkg/remediation/guidance.go:40.57,42.15 2 0
github.com/wanaware/gcp-security-analyzer/pkg/remediation/guidance.go:42.15,44.3 1 0
github.com/wanaware/gcp-security-analyzer/pkg/remediation/guidance.go:45.2,46.48 2 0
github.com/wanaware/gcp-security-analyzer/pkg/remediation/guidance.go:46.48,49.55 2 0
github.com/wanaware/gcp-security-analyzer/pkg/remediation/guidance.go:49.55,51.4 1 0
github.com/wanaware/gcp-security-analyzer/pkg/remediation/guidance.go:52.3,53.17 2 0
github.com/wanaware/gcp-security-analyzer/pkg/remediation/guidance.go:53.17,55.4 1 0
github.com/wanaware/gcp-security-analyzer/pkg/remediation/guidance.go:57.2,57.21 1 0
github.com/wanaware/gcp-security-analyzer/pkg/remediation/guidance.go:57.21,58.48 1 0
github.com/wanaware/gcp-security-analyzer/pkg/remediation/guidance.go:58.48,60.18 2 0
github.com/wanaware/gcp-security-analyzer/pkg/remediation/guidance.go:60.18,62.5 1 0
github.com/wanaware/gcp-security-analyzer/pkg/remediation/guidance.go:65.2,65.21 1 0
github.com/wanaware/gcp-security-analyzer/pkg/remediation/guidance.go:65.21,67.3 1 0
github.com/wanaware/gcp-security-analyzer/pkg/remediation/guidance.go:68.2,68.14 1 0
github.com/wanaware/gcp-security-analyzer/pkg/remediation/guidance.go:72.63,76.9 3 0
github.com/wanaware/gcp-security-analyzer/pkg/remediation/guidance.go:77.90,81.4 1 0
github.com/wanaware/gcp-security-analyzer/pkg/remediation/guidance.go:82.42,86.4 1 0
github.com/wanaware/gcp-security-analyzer/pkg/remediation/guidance.go:87.54,90.4 1 0
github.com/wanaware/gcp-security-analyzer/pkg/remediation/guidance.go:91.41,95.4 1 0
github.com/wanaware/gcp-security-analyzer/pkg/remediation/guidance.go:96.80,100.4 1 0
github.com/wanaware/gcp-security-analyzer/pkg/remediation/guidance.go:101.74,105.4 1 0
github.com/wanaware/gcp-security-analyzer/pkg/remediation/guidance.go:106.75,110.4 1 0
github.com/wanaware/gcp-security-analyzer/pkg/remediation/guidance.go:111.68,114.4 1 0
github.com/wanaware/gcp-security-analyzer/pkg/remediation/guidance.go:117.2,117.16 1 0
github.com/wanaware/gcp-security-analyzer/pkg/remediation/guidance.go:117.16,119.3 1 0
github.com/wanaware/gcp-security-analyzer/pkg/remediation/guidance.go:120.2,123.14 2 0
github.com/wanaware/gcp-security-analyzer/pkg/remediation/guidance.go:127.63,129.9 2 0
github.com/wanaware/gcp-security-analyzer/pkg/remediation/guidance.go:132.43,133.68 1 0
github.com/wanaware/gcp-security-analyzer/pkg/remediation/guidance.go:134.41,135.77 1 0
github.com/wanaware/gcp-security-analyzer/pkg/remediation/guidance.go:136.80,137.72 1 0
github.com/wanaware/gcp-security-analyzer/pkg/remediation/guidance.go:138.84,139.71 1 0
github.com/wanaware/gcp-security-analyzer/pkg/remediation/guidance.go:140.68,141.84 1 0
github.com/wanaware/gcp-security-analyzer/pkg/remediation/guidance.go:142.10,143.25 1 0
github.com/wanaware/gcp-security-analyzer/pkg/remediation/guidance.go:144.27,145.42 1 0
github.com/wanaware/gcp-security-analyzer/pkg/remediation/guidance.go:146.24,147.43 1 0
github.com/wanaware/gcp-security-analyzer/pkg/remediation/guidance.go:148.17,149.52 1 0
github.com/wanaware/gcp-security-analyzer/pkg/remediation/guidance.go:150.11,151.31 1 0
github.com/wanaware/gcp-security-analyzer/pkg/remediation/guidance.go:157.81,159.9 2 0
github.com/wanaware/gcp-security-analyzer/pkg/remediation/guidance.go:160.42,162.86 1 0
github.com/wanaware/gcp-security-analyzer/pkg/remediation/guidance.go:163.54,165.101 1 0
github.com/wanaware/gcp-security-analyzer/pkg/remediation/guidance.go:166.47,168.65 1 0
github.com/wanaware/gcp-security-analyzer/pkg/remediation/guidance.go:169.38,171.86 1 0
github.com/wanaware/gcp-security-analyzer/pkg/remediation/guidance.go:172.41,174.91 1 0
github.com/wanaware/gcp-security-analyzer/pkg/remediation/guidance.go:175.52,177.75 1 0
github.com/wanaware/gcp-security-analyzer/pkg/remediation/guidance.go:178.84,180.80 1 0
github.com/wanaware/gcp-security-analyzer/pkg/remediation/guidance.go:181.68,183.90 1 0
github.com/wanaware/gcp-security-analyzer/pkg/remediation/guidance.go:184.10,185.85 1 0
github.com/wanaware/gcp-security-analyzer/pkg/remediation/guidance.go:190.55,193.20 3 0
github.com/wanaware/gcp-security-analyzer/pkg/remediation/guidance.go:193.20,195.3 1 0
github.com/wanaware/gcp-security-analyzer/pkg/remediation/guidance.go:196.2,196.9 1 0
github.com/wanaware/gcp-security-analyzer/pkg/remediation/guidance.go:197.42,198.55 1 0
github.com/wanaware/gcp-security-analyzer/pkg/remediation/guidance.go:199.54,200.63 1 0
github.com/wanaware/gcp-security-analyzer/pkg/remediation/guidance.go:201.41,202.64 1 0
github.com/wanaware/gcp-security-analyzer/pkg/remediation/guidance.go:203.47,204.61 1 0
github.com/wanaware/gcp-security-analyzer/pkg/remediation/guidance.go:205.84,206.77 1 0
github.com/wanaware/gcp-security-analyzer/pkg/remediation/guidance.go:207.52,208.56 1 0
github.com/wanaware/gcp-security-analyzer/pkg/remediation/guidance.go:209.36,210.66 1 0
github.com/wanaware/gcp-security-analyzer/pkg/remediation/guidance.go:211.38,212.58 1 0
github.com/wanaware/gcp-security-analyzer/pkg/remediation/guidance.go:213.68,214.69 1 0
github.com/wanaware/gcp-security-analyzer/pkg/remediation/guidance.go:215.10,216.21 1 0
github.com/wanaware/gcp-security-analyzer/pkg/remediation/guidance.go:216.21,218.4 1 0
github.com/wanaware/gcp-security-analyzer/pkg/remediation/guidance.go:219.3,219.57 1 0
github.com/wanaware/gcp-security-analyzer/pkg/remediation/guidance.go:224.65,225.24 1 0
github.com/wanaware/gcp-security-analyzer/pkg/remediation/guidance.go:225.24,227.3 1 0
github.com/wanaware/gcp-security-analyzer/pkg/remediation/guidance.go:228.2,232.26 4 0
github.com/wanaware/gcp-security-analyzer/pkg/remediation/guidance.go:232.26,234.3 1 0
github.com/wanaware/gcp-security-analyzer/pkg/remediation/guidance.go:235.2,235.22 1 0
github.com/wanaware/gcp-security-analyzer/pkg/remediation/guidance.go:235.22,237.3 1 0
github.com/wanaware/gcp-security-analyzer/pkg/remediation/guidance.go:238.2,238.15 1 0
github.com/wanaware/gcp-security-analyzer/pkg/remediation/guidance.go:238.15,240.3 1 0
github.com/wanaware/gcp-security-analyzer/pkg/remediation/guidance.go:241.2,241.23 1 0
github.com/wanaware/gcp-security-analyzer/pkg/remediation/guidance.go:241.23,243.3 1 0
github.com/wanaware/gcp-security-analyzer/pkg/remediation/guidance.go:244.2,244.37 1 0
github.com/wanaware/gcp-security-analyzer/pkg/remediation/guidance.go:244.37,246.3 1 0
github.com/wanaware/gcp-security-analyzer/pkg/remediation/guidance.go:247.2,248.53 1 0
github.com/wanaware/gcp-security-analyzer/pkg/report/builder.go:19.28,19.49 1 0
github.com/wanaware/gcp-security-analyzer/pkg/report/builder.go:22.103,36.2 5 0
github.com/wanaware/gcp-security-analyzer/pkg/report/builder.go:39.79,46.29 5 0
github.com/wanaware/gcp-security-analyzer/pkg/report/builder.go:46.29,47.21 1 0
github.com/wanaware/gcp-security-analyzer/pkg/report/builder.go:48.32,49.20 1 0
github.com/wanaware/gcp-security-analyzer/pkg/report/builder.go:50.28,51.16 1 0
github.com/wanaware/gcp-security-analyzer/pkg/report/builder.go:52.30,53.18 1 0
github.com/wanaware/gcp-security-analyzer/pkg/report/builder.go:54.11,55.15 1 0
github.com/wanaware/gcp-security-analyzer/pkg/report/builder.go:58.3,58.25 1 0
github.com/wanaware/gcp-security-analyzer/pkg/report/builder.go:58.25,60.4 1 0
github.com/wanaware/gcp-security-analyzer/pkg/report/builder.go:62.3,64.17 3 0
github.com/wanaware/gcp-security-analyzer/pkg/report/builder.go:64.17,66.4 1 0
github.com/wanaware/gcp-security-analyzer/pkg/report/builder.go:67.3,67.17 1 0
github.com/wanaware/gcp-security-analyzer/pkg/report/builder.go:67.17,69.4 1 0
github.com/wanaware/gcp-security-analyzer/pkg/report/builder.go:73.2,74.21 2 0
github.com/wanaware/gcp-security-analyzer/pkg/report/builder.go:74.21,83.3 1 0
github.com/wanaware/gcp-security-analyzer/pkg/report/builder.go:86.2,86.33 1 0
github.com/wanaware/gcp-security-analyzer/pkg/report/builder.go:86.33,90.3 1 0
github.com/wanaware/gcp-security-analyzer/pkg/report/builder.go:91.2,91.54 1 0
github.com/wanaware/gcp-security-analyzer/pkg/report/builder.go:91.54,93.3 1 0
github.com/wanaware/gcp-security-analyzer/pkg/report/builder.go:96.2,96.35 1 0
github.com/wanaware/gcp-security-analyzer/pkg/report/builder.go:96.35,100.3 1 0
github.com/wanaware/gcp-security-analyzer/pkg/report/builder.go:101.2,101.52 1 0
github.com/wanaware/gcp-security-analyzer/pkg/report/builder.go:101.52,103.3 1 0
github.com/wanaware/gcp-security-analyzer/pkg/report/builder.go:105.2,105.14 1 0
github.com/wanaware/gcp-security-analyzer/pkg/report/builder.go:109.102,114.29 4 0
github.com/wanaware/gcp-security-analyzer/pkg/report/builder.go:114.29,120.25 6 0
github.com/wanaware/gcp-security-analyzer/pkg/report/builder.go:120.25,122.4 1 0
github.com/wanaware/gcp-security-analyzer/pkg/report/builder.go:123.3,123.21 1 0
github.com/wanaware/gcp-security-analyzer/pkg/report/builder.go:124.32,125.17 1 0
github.com/wanaware/gcp-security-analyzer/pkg/report/builder.go:126.28,127.13 1 0
github.com/wanaware/gcp-security-analyzer/pkg/report/builder.go:128.30,129.15 1 0
github.com/wanaware/gcp-security-analyzer/pkg/report/builder.go:130.11,131.12 1 0
github.com/wanaware/gcp-security-analyzer/pkg/report/builder.go:133.3,133.14 1 0
github.com/wanaware/gcp-security-analyzer/pkg/report/builder.go:136.2,136.25 1 0
github.com/wanaware/gcp-security-analyzer/pkg/report/builder.go:136.25,137.21 1 0
github.com/wanaware/gcp-security-analyzer/pkg/report/builder.go:137.21,139.4 1 0
github.com/wanaware/gcp-security-analyzer/pkg/report/builder.go:140.3,140.14 1 0
github.com/wanaware/gcp-security-analyzer/pkg/report/builder.go:142.2,142.10 1 0
github.com/wanaware/gcp-security-analyzer/pkg/report/builder.go:146.100,151.29 4 0
github.com/wanaware/gcp-security-analyzer/pkg/report/builder.go:151.29,153.19 2 0
github.com/wanaware/gcp-security-analyzer/pkg/report/builder.go:153.19,155.4 1 0
github.com/wanaware/gcp-security-analyzer/pkg/report/builder.go:156.3,156.19 1 0
github.com/wanaware/gcp-security-analyzer/pkg/report/builder.go:156.19,157.12 1 0
github.com/wanaware/gcp-security-analyzer/pkg/report/builder.go:160.3,162.27 3 0
github.com/wanaware/gcp-security-analyzer/pkg/report/builder.go:162.27,164.28 2 0
github.com/wanaware/gcp-security-analyzer/pkg/report/builder.go:164.28,166.5 1 0
github.com/wanaware/gcp-security-analyzer/pkg/report/builder.go:168.3,170.25 3 0
github.com/wanaware/gcp-security-analyzer/pkg/report/builder.go:170.25,172.4 1 0
github.com/wanaware/gcp-security-analyzer/pkg/report/builder.go:173.3,173.21 1 0
github.com/wanaware/gcp-security-analyzer/pkg/report/builder.go:174.32,175.17 1 0
github.com/wanaware/gcp-security-analyzer/pkg/report/builder.go:176.28,177.13 1 0
github.com/wanaware/gcp-security-analyzer/pkg/report/builder.go:178.30,179.15 1 0
github.com/wanaware/gcp-security-analyzer/pkg/report/builder.go:180.11,181.12 1 0
github.com/wanaware/gcp-security-analyzer/pkg/report/builder.go:183.3,183.17 1 0
github.com/wanaware/gcp-security-analyzer/pkg/report/builder.go:186.2,186.28 1 0
github.com/wanaware/gcp-security-analyzer/pkg/report/builder.go:186.28,187.24 1 0
github.com/wanaware/gcp-security-analyzer/pkg/report/builder.go:187.24,189.4 1 0
github.com/wanaware/gcp-security-analyzer/pkg/report/builder.go:190.3,190.17 1 0
github.com/wanaware/gcp-security-analyzer/pkg/report/builder.go:192.2,192.10 1 0
github.com/wanaware/gcp-security-analyzer/pkg/report/builder.go:197.69,199.16 2 0
github.com/wanaware/gcp-security-analyzer/pkg/report/builder.go:199.16,201.3 1 0
github.com/wanaware/gcp-security-analyzer/pkg/report/builder.go:202.2,204.33 2 0
github.com/wanaware/gcp-security-analyzer/pkg/report/builder.go:205.24,206.47 1 0
github.com/wanaware/gcp-security-analyzer/pkg/report/builder.go:207.14,208.47 1 0
github.com/wanaware/gcp-security-analyzer/pkg/report/builder.go:209.14,210.43 1 0
github.com/wanaware/gcp-security-analyzer/pkg/report/builder.go:211.13,212.42 1 0
github.com/wanaware/gcp-security-analyzer/pkg/report/builder.go:213.10,214.89 1 0
github.com/wanaware/gcp-security-analyzer/pkg/report/builder.go:219.101,220.54 1 0
github.com/wanaware/gcp-security-analyzer/pkg/report/builder.go:220.54,222.3 1 0
github.com/wanaware/gcp-security-analyzer/pkg/report/builder.go:224.2,225.30 2 0
github.com/wanaware/gcp-security-analyzer/pkg/report/builder.go:225.30,228.51 3 0
github.com/wanaware/gcp-security-analyzer/pkg/report/builder.go:228.51,230.4 1 0
github.com/wanaware/gcp-security-analyzer/pkg/report/builder.go:231.3,231.34 1 0
github.com/wanaware/gcp-security-analyzer/pkg/report/builder.go:233.2,233.21 1 0
github.com/wanaware/gcp-security-analyzer/pkg/report/builder.go:237.99,238.54 1 0
github.com/wanaware/gcp-security-analyzer/pkg/report/builder.go:238.54,240.3 1 0
github.com/wanaware/gcp-security-analyzer/pkg/report/builder.go:242.2,245.38 3 0
github.com/wanaware/gcp-security-analyzer/pkg/report/builder.go:245.38,247.32 2 0
github.com/wanaware/gcp-security-analyzer/pkg/report/builder.go:247.32,248.30 1 0
github.com/wanaware/gcp-security-analyzer/pkg/report/builder.go:248.30,250.5 1 0
github.com/wanaware/gcp-security-analyzer/pkg/report/builder.go:252.3,252.26 1 0
github.com/wanaware/gcp-security-analyzer/pkg/report/builder.go:252.26,253.12 1 0
github.com/wanaware/gcp-security-analyzer/pkg/report/builder.go:256.3,259.31 4 0
github.com/wanaware/gcp-security-analyzer/pkg/report/builder.go:259.31,260.22 1 0
github.com/wanaware/gcp-security-analyzer/pkg/report/builder.go:261.20,262.21 1 0
github.com/wanaware/gcp-security-analyzer/pkg/report/builder.go:263.16,264.17 1 0
github.com/wanaware/gcp-security-analyzer/pkg/report/builder.go:265.18,266.19 1 0
github.com/wanaware/gcp-security-analyzer/pkg/report/builder.go:267.12,268.16 1 0
github.com/wanaware/gcp-security-analyzer/pkg/report/builder.go:271.3,275.61 4 0
github.com/wanaware/gcp-security-analyzer/pkg/report/builder.go:275.61,277.4 1 0
github.com/wanaware/gcp-security-analyzer/pkg/report/builder.go:278.3,278.34 1 0
github.com/wanaware/gcp-security-analyzer/pkg/report/builder.go:280.2,280.21 1 0
github.com/wanaware/gcp-security-analyzer/pkg/report/builder.go:283.44,284.33 1 0
github.com/wanaware/gcp-security-analyzer/pkg/report/builder.go:285.24,286.14 1 0
github.com/wanaware/gcp-security-analyzer/pkg/report/builder.go:287.14,288.16 1 0
github.com/wanaware/gcp-security-analyzer/pkg/report/builder.go:289.14,290.16 1 0
github.com/wanaware/gcp-security-analyzer/pkg/report/builder.go:291.13,292.15 1 0
github.com/wanaware/gcp-security-analyzer/pkg/report/builder.go:293.10,294.16 1 0
github.com/wanaware/gcp-security-analyzer/pkg/report/builder.go:299.59,301.2 1 0
github.com/wanaware/gcp-security-analyzer/pkg/report/csv.go:18.38,18.64 1 0
github.com/wanaware/gcp-security-analyzer/pkg/report/csv.go:32.70,33.28 1 0
github.com/wanaware/gcp-security-analyzer/pkg/report/csv.go:33.28,35.3 1 0
github.com/wanaware/gcp-security-analyzer/pkg/report/csv.go:38.2,40.43 3 0
github.com/wanaware/gcp-security-analyzer/pkg/report/csv.go:40.43,42.35 2 0
github.com/wanaware/gcp-security-analyzer/pkg/report/csv.go:42.35,44.4 1 0
github.com/wanaware/gcp-security-analyzer/pkg/report/csv.go:45.3,45.35 1 0
github.com/wanaware/gcp-security-analyzer/pkg/report/csv.go:45.35,47.4 1 0
github.com/wanaware/gcp-security-analyzer/pkg/report/csv.go:48.3,48.17 1 0
github.com/wanaware/gcp-security-analyzer/pkg/report/csv.go:51.2,52.44 2 0
github.com/wanaware/gcp-security-analyzer/pkg/report/csv.go:52.44,54.3 1 0
github.com/wanaware/gcp-security-analyzer/pkg/report/csv.go:56.2,56.29 1 0
github.com/wanaware/gcp-security-analyzer/pkg/report/csv.go:56.29,58.39 2 0
github.com/wanaware/gcp-security-analyzer/pkg/report/csv.go:58.39,60.4 1 0
github.com/wanaware/gcp-security-analyzer/pkg/report/csv.go:63.2,64.19 2 0
github.com/wanaware/gcp-security-analyzer/pkg/report/csv.go:68.115,71.41 3 0
github.com/wanaware/gcp-security-analyzer/pkg/report/csv.go:71.41,73.3 1 0
github.com/wanaware/gcp-security-analyzer/pkg/report/csv.go:76.2,81.30 3 0
github.com/wanaware/gcp-security-analyzer/pkg/report/csv.go:81.30,82.24 1 0
github.com/wanaware/gcp-security-analyzer/pkg/report/csv.go:82.24,84.4 1 0
github.com/wanaware/gcp-security-analyzer/pkg/report/csv.go:86.2,86.39 1 0
github.com/wanaware/gcp-security-analyzer/pkg/report/csv.go:86.39,87.31 1 0
github.com/wanaware/gcp-security-analyzer/pkg/report/csv.go:87.31,89.4 1 0
github.com/wanaware/gcp-security-analyzer/pkg/report/csv.go:90.3,90.43 1 0
github.com/wanaware/gcp-security-analyzer/pkg/report/csv.go:93.2,93.25 1 0
github.com/wanaware/gcp-security-analyzer/pkg/report/csv.go:93.25,100.39 2 0
github.com/wanaware/gcp-security-analyzer/pkg/report/csv.go:100.39,102.4 1 0
github.com/wanaware/gcp-security-analyzer/pkg/report/csv.go:105.2,106.19 2 0
github.com/wanaware/gcp-security-analyzer/pkg/report/csv.go:109.50,111.24 2 0
github.com/wanaware/gcp-security-analyzer/pkg/report/csv.go:111.24,113.3 1 0
github.com/wanaware/gcp-security-analyzer/pkg/report/csv.go:115.2,143.3 1 0
github.com/wanaware/gcp-security-analyzer/pkg/report/csv.go:146.29,147.7 1 0
github.com/wanaware/gcp-security-analyzer/pkg/report/csv.go:147.7,149.3 1 0
github.com/wanaware/gcp-security-analyzer/pkg/report/csv.go:150.2,150.16 1 0
github.com/wanaware/gcp-security-analyzer/pkg/report/html.go:207.40,207.67 1 0
github.com/wanaware/gcp-security-analyzer/pkg/report/html.go:210.71,211.28 1 0
github.com/wanaware/gcp-security-analyzer/pkg/report/html.go:211.28,213.3 1 0
github.com/wanaware/gcp-security-analyzer/pkg/report/html.go:215.2,216.52 1 0
github.com/wanaware/gcp-security-analyzer/pkg/report/html.go:216.52,216.117 1 0
github.com/wanaware/gcp-security-analyzer/pkg/report/html.go:217.39,217.55 1 0
github.com/wanaware/gcp-security-analyzer/pkg/report/html.go:218.54,218.80 1 0
github.com/wanaware/gcp-security-analyzer/pkg/report/html.go:219.54,219.79 1 0
github.com/wanaware/gcp-security-analyzer/pkg/report/html.go:223.2,224.16 2 0
github.com/wanaware/gcp-security-analyzer/pkg/report/html.go:224.16,226.3 1 0
github.com/wanaware/gcp-security-analyzer/pkg/report/html.go:229.2,231.41 3 0
github.com/wanaware/gcp-security-analyzer/pkg/report/html.go:231.41,233.33 2 0
github.com/wanaware/gcp-security-analyzer/pkg/report/html.go:233.33,235.4 1 0
github.com/wanaware/gcp-security-analyzer/pkg/report/html.go:236.3,236.33 1 0
github.com/wanaware/gcp-security-analyzer/pkg/report/html.go:236.33,238.4 1 0
github.com/wanaware/gcp-security-analyzer/pkg/report/html.go:239.3,239.17 1 0
github.com/wanaware/gcp-security-analyzer/pkg/report/html.go:243.2,246.50 3 0
github.com/wanaware/gcp-security-analyzer/pkg/report/html.go:246.50,248.3 1 0
github.com/wanaware/gcp-security-analyzer/pkg/report/html.go:249.2,249.12 1 0
github.com/wanaware/gcp-security-analyzer/pkg/report/html.go:252.44,253.24 1 0
github.com/wanaware/gcp-security-analyzer/pkg/report/html.go:253.24,255.3 1 0
github.com/wanaware/gcp-security-analyzer/pkg/report/html.go:256.2,256.47 1 0
github.com/wanaware/gcp-security-analyzer/pkg/report/json.go:19.51,21.2 1 0
github.com/wanaware/gcp-security-analyzer/pkg/report/json.go:24.71,25.28 1 0
github.com/wanaware/gcp-security-analyzer/pkg/report/json.go:25.28,27.3 1 0
github.com/wanaware/gcp-security-analyzer/pkg/report/json.go:29.2,33.14 2 0
github.com/wanaware/gcp-security-analyzer/pkg/report/json.go:33.14,35.3 1 0
github.com/wanaware/gcp-security-analyzer/pkg/report/json.go:35.8,37.3 1 0
github.com/wanaware/gcp-security-analyzer/pkg/report/json.go:38.2,38.16 1 0
github.com/wanaware/gcp-security-analyzer/pkg/report/json.go:38.16,40.3 1 0
github.com/wanaware/gcp-security-analyzer/pkg/report/json.go:42.2,42.38 1 0
github.com/wanaware/gcp-security-analyzer/pkg/report/json.go:42.38,44.3 1 0
github.com/wanaware/gcp-security-analyzer/pkg/report/json.go:45.2,45.12 1 0
github.com/wanaware/gcp-security-analyzer/pkg/report/markdown.go:160.48,160.79 1 0
github.com/wanaware/gcp-security-analyzer/pkg/report/markdown.go:163.75,165.37 1 0
github.com/wanaware/gcp-security-analyzer/pkg/report/markdown.go:165.37,165.53 1 0
github.com/wanaware/gcp-security-analyzer/pkg/report/markdown.go:166.52,166.117 1 0
github.com/wanaware/gcp-security-analyzer/pkg/report/markdown.go:167.39,167.55 1 0
github.com/wanaware/gcp-security-analyzer/pkg/report/markdown.go:168.85,168.117 1 0
github.com/wanaware/gcp-security-analyzer/pkg/report/markdown.go:169.80,169.122 1 0
github.com/wanaware/gcp-security-analyzer/pkg/report/markdown.go:171.39,171.95 1 0
github.com/wanaware/gcp-security-analyzer/pkg/report/markdown.go:172.81,172.117 1 0
github.com/wanaware/gcp-security-analyzer/pkg/report/markdown.go:174.54,174.80 1 0
github.com/wanaware/gcp-security-analyzer/pkg/report/markdown.go:175.54,175.70 1 0
github.com/wanaware/gcp-security-analyzer/pkg/report/markdown.go:175.70,175.88 1 0
github.com/wanaware/gcp-security-analyzer/pkg/report/markdown.go:175.91,175.101 1 0
github.com/wanaware/gcp-security-analyzer/pkg/report/markdown.go:176.99,176.131 1 0
github.com/wanaware/gcp-security-analyzer/pkg/report/markdown.go:182.2,183.16 2 0
github.com/wanaware/gcp-security-analyzer/pkg/report/markdown.go:183.16,185.3 1 0
github.com/wanaware/gcp-security-analyzer/pkg/report/markdown.go:188.2,188.28 1 0
github.com/wanaware/gcp-security-analyzer/pkg/report/markdown.go:188.28,190.3 1 0
github.com/wanaware/gcp-security-analyzer/pkg/report/markdown.go:192.2,192.43 1 0
github.com/wanaware/gcp-security-analyzer/pkg/report/markdown.go:192.43,194.3 1 0
github.com/wanaware/gcp-security-analyzer/pkg/report/markdown.go:195.2,195.12 1 0
github.com/wanaware/gcp-security-analyzer/pkg/report/markdown.go:200.78,201.17 1 0
github.com/wanaware/gcp-security-analyzer/pkg/report/markdown.go:201.17,203.3 1 0
github.com/wanaware/gcp-security-analyzer/pkg/report/markdown.go:204.2,204.15 1 0
github.com/wanaware/gcp-security-analyzer/pkg/report/markdown.go:207.72,208.23 1 0
github.com/wanaware/gcp-security-analyzer/pkg/report/markdown.go:208.23,210.3 1 0
github.com/wanaware/gcp-security-analyzer/pkg/report/markdown.go:211.2,211.21 1 0
github.com/wanaware/gcp-security-analyzer/pkg/report/markdown.go:214.92,215.17 1 0
github.com/wanaware/gcp-security-analyzer/pkg/report/markdown.go:215.17,217.3 1 0
github.com/wanaware/gcp-security-analyzer/pkg/report/markdown.go:218.2,218.15 1 0
github.com/wanaware/gcp-security-analyzer/pkg/report/markdown.go:221.90,223.29 2 0
github.com/wanaware/gcp-security-analyzer/pkg/report/markdown.go:223.29,224.29 1 0
github.com/wanaware/gcp-security-analyzer/pkg/report/markdown.go:224.29,226.4 1 0
github.com/wanaware/gcp-security-analyzer/pkg/report/markdown.go:228.2,228.12 1 0
github.com/wanaware/gcp-security-analyzer/pkg/report/markdown.go:231.70,233.29 2 0
github.com/wanaware/gcp-security-analyzer/pkg/report/markdown.go:233.29,234.51 1 0
github.com/wanaware/gcp-security-analyzer/pkg/report/markdown.go:234.51,236.4 1 0
github.com/wanaware/gcp-security-analyzer/pkg/report/markdown.go:238.2,238.22 1 0
github.com/wanaware/gcp-security-analyzer/pkg/report/markdown.go:238.22,240.3 1 0
github.com/wanaware/gcp-security-analyzer/pkg/report/markdown.go:241.2,241.48 1 0
github.com/wanaware/gcp-security-analyzer/pkg/report/markdown.go:244.45,245.24 1 0
github.com/wanaware/gcp-security-analyzer/pkg/report/markdown.go:245.24,247.3 1 0
github.com/wanaware/gcp-security-analyzer/pkg/report/markdown.go:248.2,248.47 1 0
github.com/wanaware/gcp-security-analyzer/pkg/report/markdown.go:251.84,253.22 2 0
github.com/wanaware/gcp-security-analyzer/pkg/report/markdown.go:253.22,255.3 1 0
github.com/wanaware/gcp-security-analyzer/pkg/report/markdown.go:256.2,256.38 1 0
github.com/wanaware/gcp-security-analyzer/pkg/report/markdown.go:256.38,256.76 1 0
github.com/wanaware/gcp-security-analyzer/pkg/report/markdown.go:257.2,257.12 1 0
github.com/wanaware/gcp-security-analyzer/pkg/report/markdown.go:260.81,262.22 2 0
github.com/wanaware/gcp-security-analyzer/pkg/report/markdown.go:262.22,264.3 1 0
github.com/wanaware/gcp-security-analyzer/pkg/report/markdown.go:265.2,265.38 1 0
github.com/wanaware/gcp-security-analyzer/pkg/report/markdown.go:265.38,265.76 1 0
github.com/wanaware/gcp-security-analyzer/pkg/report/markdown.go:266.2,266.12 1 0
github.com/wanaware/gcp-security-analyzer/pkg/report/markdown.go:269.76,271.29 2 0
github.com/wanaware/gcp-security-analyzer/pkg/report/markdown.go:271.29,272.55 1 0
github.com/wanaware/gcp-security-analyzer/pkg/report/markdown.go:272.55,274.4 1 0
github.com/wanaware/gcp-security-analyzer/pkg/report/markdown.go:277.2,277.19 1 0
github.com/wanaware/gcp-security-analyzer/pkg/report/markdown.go:277.19,279.3 1 0
github.com/wanaware/gcp-security-analyzer/pkg/report/markdown.go:280.2,280.12 1 0
github.com/wanaware/gcp-security-analyzer/pkg/report/markdown.go:284.57,298.42 13 0
github.com/wanaware/gcp-security-analyzer/pkg/report/markdown.go:298.42,299.14 1 0
github.com/wanaware/gcp-security-analyzer/pkg/report/markdown.go:299.14,300.9 1 0
github.com/wanaware/gcp-security-analyzer/pkg/report/markdown.go:302.3,302.60 1 0
github.com/wanaware/gcp-security-analyzer/pkg/report/markdown.go:306.2,306.34 1 0
github.com/wanaware/gcp-security-analyzer/pkg/report/markdown.go:306.34,309.39 3 0
github.com/wanaware/gcp-security-analyzer/pkg/report/markdown.go:309.39,311.4 1 0
github.com/wanaware/gcp-security-analyzer/pkg/report/markdown.go:312.3,313.26 2 0
github.com/wanaware/gcp-security-analyzer/pkg/report/markdown.go:313.26,315.4 1 0
github.com/wanaware/gcp-security-analyzer/pkg/report/markdown.go:317.2,318.12 2 0
github.com/wanaware/gcp-security-analyzer/internal/models/finding.go:80.39,81.20 1 0
github.com/wanaware/gcp-security-analyzer/internal/models/finding.go:82.18,83.11 1 0
github.com/wanaware/gcp-security-analyzer/internal/models/finding.go:84.14,85.11 1 0
github.com/wanaware/gcp-security-analyzer/internal/models/finding.go:86.16,87.11 1 0
github.com/wanaware/gcp-security-analyzer/internal/models/finding.go:88.13,89.11 1 0
github.com/wanaware/gcp-security-analyzer/internal/models/finding.go:90.10,91.11 1 0
github.com/wanaware/gcp-security-analyzer/internal/models/finding.go:96.35,98.2 1 0
github.com/wanaware/gcp-security-analyzer/internal/models/finding.go:101.33,103.2 1 0
github.com/wanaware/gcp-security-analyzer/internal/models/finding.go:106.38,107.18 1 0
github.com/wanaware/gcp-security-analyzer/internal/models/finding.go:107.18,109.3 1 0
github.com/wanaware/gcp-security-analyzer/internal/models/finding.go:110.2,110.40 1 0
github.com/wanaware/gcp-security-analyzer/internal/models/finding.go:110.40,111.23 1 0
github.com/wanaware/gcp-security-analyzer/internal/models/finding.go:111.23,113.4 1 0
github.com/wanaware/gcp-security-analyzer/internal/models/finding.go:115.2,115.15 1 0
github.com/wanaware/gcp-security-analyzer/internal/models/risk_score.go:77.46,78.9 1 0
github.com/wanaware/gcp-security-analyzer/internal/models/risk_score.go:79.19,80.26 1 0
github.com/wanaware/gcp-security-analyzer/internal/models/risk_score.go:81.19,82.22 1 0
github.com/wanaware/gcp-security-analyzer/internal/models/risk_score.go:83.19,84.24 1 0
github.com/wanaware/gcp-security-analyzer/internal/models/risk_score.go:85.10,86.21 1 0
github.com/wanaware/gcp-security-analyzer/pkg/parser/csv.go:27.46,28.19 1 1
github.com/wanaware/gcp-security-analyzer/pkg/parser/csv.go:28.19,30.3 1 1
github.com/wanaware/gcp-security-analyzer/pkg/parser/csv.go:31.2,31.32 1 1
github.com/wanaware/gcp-security-analyzer/pkg/parser/csv.go:36.73,38.16 2 0
github.com/wanaware/gcp-security-analyzer/pkg/parser/csv.go:38.16,40.3 1 0
github.com/wanaware/gcp-security-analyzer/pkg/parser/csv.go:41.2,42.19 2 0
github.com/wanaware/gcp-security-analyzer/pkg/parser/csv.go:47.69,55.16 6 1
github.com/wanaware/gcp-security-analyzer/pkg/parser/csv.go:55.16,57.3 1 0
github.com/wanaware/gcp-security-analyzer/pkg/parser/csv.go:59.2,66.6 6 1
github.com/wanaware/gcp-security-analyzer/pkg/parser/csv.go:66.6,68.20 2 1
github.com/wanaware/gcp-security-analyzer/pkg/parser/csv.go:68.20,69.9 1 1
github.com/wanaware/gcp-security-analyzer/pkg/parser/csv.go:71.3,72.17 2 1
github.com/wanaware/gcp-security-analyzer/pkg/parser/csv.go:72.17,75.12 3 0
github.com/wanaware/gcp-security-analyzer/pkg/parser/csv.go:78.3,79.17 2 1
github.com/wanaware/gcp-security-analyzer/pkg/parser/csv.go:79.17,82.12 3 0
github.com/wanaware/gcp-security-analyzer/pkg/parser/csv.go:84.3,84.39 1 1
github.com/wanaware/gcp-security-analyzer/pkg/parser/csv.go:87.2,88.35 2 1
github.com/wanaware/gcp-security-analyzer/pkg/parser/csv.go:92.45,94.29 2 1
github.com/wanaware/gcp-security-analyzer/pkg/parser/csv.go:94.29,96.3 1 1
github.com/wanaware/gcp-security-analyzer/pkg/parser/csv.go:97.2,97.12 1 1
github.com/wanaware/gcp-security-analyzer/pkg/parser/csv.go:101.59,103.26 2 1
github.com/wanaware/gcp-security-analyzer/pkg/parser/csv.go:103.26,105.3 1 1
github.com/wanaware/gcp-security-analyzer/pkg/parser/csv.go:106.2,106.34 1 1
github.com/wanaware/gcp-security-analyzer/pkg/parser/csv.go:110.94,122.22 8 1
github.com/wanaware/gcp-security-analyzer/pkg/parser/csv.go:122.22,125.3 2 1
github.com/wanaware/gcp-security-analyzer/pkg/parser/csv.go:126.2,126.19 1 1
github.com/wanaware/gcp-security-analyzer/pkg/parser/csv.go:126.19,128.3 1 1
github.com/wanaware/gcp-security-analyzer/pkg/parser/csv.go:131.2,178.15 31 1
github.com/wanaware/gcp-security-analyzer/pkg/parser/csv.go:183.75,184.15 1 1
github.com/wanaware/gcp-security-analyzer/pkg/parser/csv.go:184.15,186.3 1 1
github.com/wanaware/gcp-security-analyzer/pkg/parser/csv.go:188.2,189.58 2 1
github.com/wanaware/gcp-security-analyzer/pkg/parser/csv.go:189.58,191.68 1 1
github.com/wanaware/gcp-security-analyzer/pkg/parser/csv.go:191.68,192.29 1 1
github.com/wanaware/gcp-security-analyzer/pkg/parser/csv.go:192.29,193.28 1 1
github.com/wanaware/gcp-security-analyzer/pkg/parser/csv.go:194.18,195.16 1 1
github.com/wanaware/gcp-security-analyzer/pkg/parser/csv.go:196.17,197.59 1 0
github.com/wanaware/gcp-security-analyzer/pkg/parser/csv.go:197.59,199.7 1 0
github.com/wanaware/gcp-security-analyzer/pkg/parser/csv.go:205.2,205.74 1 1
github.com/wanaware/gcp-security-analyzer/pkg/parser/csv.go:205.74,207.3 1 1
github.com/wanaware/gcp-security-analyzer/pkg/parser/csv.go:208.2,208.19 1 1
github.com/wanaware/gcp-security-analyzer/pkg/parser/csv.go:208.19,210.3 1 1
github.com/wanaware/gcp-security-analyzer/pkg/parser/csv.go:211.2,211.10 1 1
github.com/wanaware/gcp-security-analyzer/pkg/parser/csv.go:216.36,218.15 2 1
github.com/wanaware/gcp-security-analyzer/pkg/parser/csv.go:218.15,220.3 1 1
github.com/wanaware/gcp-security-analyzer/pkg/parser/csv.go:222.2,223.53 2 1
github.com/wanaware/gcp-security-analyzer/pkg/parser/csv.go:223.53,225.3 1 1
github.com/wanaware/gcp-security-analyzer/pkg/parser/csv.go:227.2,228.56 2 0
github.com/wanaware/gcp-security-analyzer/pkg/parser/csv.go:228.56,230.52 2 0
github.com/wanaware/gcp-security-analyzer/pkg/parser/csv.go:230.52,232.4 1 0
github.com/wanaware/gcp-security-analyzer/pkg/parser/csv.go:234.2,234.12 1 0
github.com/wanaware/gcp-security-analyzer/pkg/parser/csv.go:239.53,240.15 1 1
github.com/wanaware/gcp-security-analyzer/pkg/parser/csv.go:240.15,242.3 1 1
github.com/wanaware/gcp-security-analyzer/pkg/parser/csv.go:243.2,247.58 3 1
github.com/wanaware/gcp-security-analyzer/pkg/parser/csv.go:247.58,248.28 1 1
github.com/wanaware/gcp-security-analyzer/pkg/parser/csv.go:248.28,249.66 1 1
github.com/wanaware/gcp-security-analyzer/pkg/parser/csv.go:249.66,250.31 1 1
github.com/wanaware/gcp-security-analyzer/pkg/parser/csv.go:250.31,251.44 1 1
github.com/wanaware/gcp-security-analyzer/pkg/parser/csv.go:251.44,253.12 2 1
github.com/wanaware/gcp-security-analyzer/pkg/parser/csv.go:258.3,258.41 1 1
github.com/wanaware/gcp-security-analyzer/pkg/parser/csv.go:262.2,263.59 2 0
github.com/wanaware/gcp-security-analyzer/pkg/parser/csv.go:263.59,264.26 1 0
github.com/wanaware/gcp-security-analyzer/pkg/parser/csv.go:264.26,266.4 1 0
github.com/wanaware/gcp-security-analyzer/pkg/parser/csv.go:267.3,267.41 1 0
github.com/wanaware/gcp-security-analyzer/pkg/parser/csv.go:271.2,272.26 2 0
github.com/wanaware/gcp-security-analyzer/pkg/parser/csv.go:272.26,274.14 2 0
github.com/wanaware/gcp-security-analyzer/pkg/parser/csv.go:274.14,276.4 1 0
github.com/wanaware/gcp-security-analyzer/pkg/parser/csv.go:278.2,278.40 1 0
github.com/wanaware/gcp-security-analyzer/pkg/parser/csv.go:290.36,292.37 2 1
github.com/wanaware/gcp-security-analyzer/pkg/parser/csv.go:292.37,293.50 1 1
github.com/wanaware/gcp-security-analyzer/pkg/parser/csv.go:293.50,295.4 1 0
github.com/wanaware/gcp-security-analyzer/pkg/parser/csv.go:297.2,297.20 1 1
github.com/wanaware/gcp-security-analyzer/internal/utils/flags.go:17.111,21.27 3 0
github.com/wanaware/gcp-security-analyzer/internal/utils/flags.go:21.27,22.15 1 0
github.com/wanaware/gcp-security-analyzer/internal/utils/flags.go:22.15,26.12 3 0
github.com/wanaware/gcp-security-analyzer/internal/utils/flags.go:29.3,29.34 1 0
github.com/wanaware/gcp-security-analyzer/internal/utils/flags.go:29.34,33.60 3 0
github.com/wanaware/gcp-security-analyzer/internal/utils/flags.go:33.60,35.5 1 0
github.com/wanaware/gcp-security-analyzer/internal/utils/flags.go:36.4,36.12 1 0
github.com/wanaware/gcp-security-analyzer/internal/utils/flags.go:40.3,40.23 1 0
github.com/wanaware/gcp-security-analyzer/internal/utils/flags.go:40.23,43.4 2 0
github.com/wanaware/gcp-security-analyzer/internal/utils/flags.go:43.9,46.4 1 0
github.com/wanaware/gcp-security-analyzer/internal/utils/flags.go:48.2,48.29 1 0
github.com/wanaware/gcp-security-analyzer/internal/utils/helpers.go:10.55,12.33 2 1
github.com/wanaware/gcp-security-analyzer/internal/utils/helpers.go:12.33,13.52 1 1
github.com/wanaware/gcp-security-analyzer/internal/utils/helpers.go:13.52,15.4 1 1
github.com/wanaware/gcp-security-analyzer/internal/utils/helpers.go:17.2,17.14 1 1
github.com/wanaware/gcp-security-analyzer/internal/utils/helpers.go:21.32,22.11 1 0
github.com/wanaware/gcp-security-analyzer/internal/utils/helpers.go:22.11,24.3 1 0
github.com/wanaware/gcp-security-analyzer/internal/utils/helpers.go:25.2,25.10 1 0
github.com/wanaware/gcp-security-analyzer/internal/utils/helpers.go:29.32,30.11 1 0
github.com/wanaware/gcp-security-analyzer/internal/utils/helpers.go:30.11,32.3 1 0
github.com/wanaware/gcp-security-analyzer/internal/utils/helpers.go:33.2,33.10 1 0
github.com/wanaware/gcp-security-analyzer/internal/utils/helpers.go:37.45,40.2 2 1
github.com/wanaware/gcp-security-analyzer/internal/utils/helpers.go:43.35,44.20 1 1
github.com/wanaware/gcp-security-analyzer/internal/utils/helpers.go:44.20,46.3 1 1
github.com/wanaware/gcp-security-analyzer/internal/utils/helpers.go:47.2,48.25 2 1
github.com/wanaware/gcp-security-analyzer/internal/utils/helpers.go:48.25,50.3 1 1
github.com/wanaware/gcp-security-analyzer/internal/utils/helpers.go:51.2,51.33 1 1
github.com/wanaware/gcp-security-analyzer/internal/utils/helpers.go:56.37,57.20 1 1
github.com/wanaware/gcp-security-analyzer/internal/utils/helpers.go:57.20,59.3 1 1
github.com/wanaware/gcp-security-analyzer/internal/utils/helpers.go:60.2,64.14 5 1
github.com/wanaware/gcp-security-analyzer/internal/utils/helpers.go:64.14,66.3 1 1
github.com/wanaware/gcp-security-analyzer/internal/utils/helpers.go:67.2,67.20 1 1
github.com/wanaware/gcp-security-analyzer/internal/utils/helpers.go:71.37,72.19 1 1
github.com/wanaware/gcp-security-analyzer/internal/utils/helpers.go:72.19,74.3 1 0
github.com/wanaware/gcp-security-analyzer/internal/utils/helpers.go:75.2,77.25 3 1
github.com/wanaware/gcp-security-analyzer/internal/utils/helpers.go:77.25,80.3 2 1
github.com/wanaware/gcp-security-analyzer/internal/utils/helpers.go:81.2,81.46 1 1
github.com/wanaware/gcp-security-analyzer/internal/utils/helpers.go:85.44,86.22 1 1
github.com/wanaware/gcp-security-analyzer/internal/utils/helpers.go:86.22,88.3 1 1
github.com/wanaware/gcp-security-analyzer/internal/utils/helpers.go:89.2,89.17 1 1
github.com/wanaware/gcp-security-analyzer/internal/utils/helpers.go:89.17,91.3 1 0
github.com/wanaware/gcp-security-analyzer/internal/utils/helpers.go:92.2,92.29 1 1
github.com/wanaware/gcp-security-analyzer/internal/utils/helpers.go:96.39,100.2 3 0
github.com/wanaware/gcp-security-analyzer/internal/utils/helpers.go:103.65,105.29 2 0
github.com/wanaware/gcp-security-analyzer/internal/utils/helpers.go:105.29,106.35 1 0
github.com/wanaware/gcp-security-analyzer/internal/utils/helpers.go:106.35,108.4 1 0
github.com/wanaware/gcp-security-analyzer/internal/utils/helpers.go:110.2,110.14 1 0
github.com/wanaware/gcp-security-analyzer/internal/utils/helpers.go:114.31,115.47 1 1
github.com/wanaware/gcp-security-analyzer/internal/utils/helpers.go:116.36,117.14 1 1
github.com/wanaware/gcp-security-analyzer/internal/utils/helpers.go:118.10,119.15 1 1
github.com/wanaware/gcp-security-analyzer/internal/utils/helpers.go:124.46,125.16 1 1
github.com/wanaware/gcp-security-analyzer/internal/utils/helpers.go:125.16,127.3 1 1
github.com/wanaware/gcp-security-analyzer/internal/utils/helpers.go:128.2,128.45 1 1
github.com/wanaware/gcp-security-analyzer/internal/utils/helpers.go:132.42,135.23 3 1
github.com/wanaware/gcp-security-analyzer/internal/utils/helpers.go:135.23,136.28 1 1
github.com/wanaware/gcp-security-analyzer/internal/utils/helpers.go:136.28,139.4 2 1
github.com/wanaware/gcp-security-analyzer/internal/utils/helpers.go:141.2,141.12 1 1
github.com/wanaware/gcp-security-analyzer/internal/utils/logger.go:28.58,29.19 1 1
github.com/wanaware/gcp-security-analyzer/internal/utils/logger.go:29.19,31.3 1 0
github.com/wanaware/gcp-security-analyzer/internal/utils/logger.go:32.2,32.46 1 1
github.com/wanaware/gcp-security-analyzer/internal/utils/logger.go:38.84,39.21 1 0
github.com/wanaware/gcp-security-analyzer/internal/utils/logger.go:39.21,41.3 1 0
github.com/wanaware/gcp-security-analyzer/internal/utils/logger.go:42.2,44.58 3 0
github.com/wanaware/gcp-security-analyzer/internal/utils/logger.go:48.60,50.2 1 0
github.com/wanaware/gcp-security-analyzer/internal/utils/logger.go:53.59,55.2 1 0
github.com/wanaware/gcp-security-analyzer/internal/utils/logger.go:58.59,60.2 1 0
github.com/wanaware/gcp-security-analyzer/internal/utils/logger.go:63.60,65.2 1 0
github.com/wanaware/gcp-security-analyzer/internal/utils/logger.go:68.43,70.2 1 0
github.com/wanaware/gcp-security-analyzer/internal/utils/logger.go:75.48,75.88 1 0
github.com/wanaware/gcp-security-analyzer/internal/utils/logger.go:78.47,78.86 1 0
github.com/wanaware/gcp-security-analyzer/internal/utils/logger.go:81.47,81.86 1 0
github.com/wanaware/gcp-security-analyzer/internal/utils/logger.go:84.48,84.88 1 0
github.com/wanaware/gcp-security-analyzer/internal/utils/logger.go:87.19,87.57 1 0
github.com/wanaware/gcp-security-analyzer/internal/utils/logger.go:90.17,90.55 1 0
github.com/wanaware/gcp-security-analyzer/internal/models/finding.go:80.39,81.20 1 0
github.com/wanaware/gcp-security-analyzer/internal/models/finding.go:82.18,83.11 1 0
github.com/wanaware/gcp-security-analyzer/internal/models/finding.go:84.14,85.11 1 0
github.com/wanaware/gcp-security-analyzer/internal/models/finding.go:86.16,87.11 1 0
github.com/wanaware/gcp-security-analyzer/internal/models/finding.go:88.13,89.11 1 0
github.com/wanaware/gcp-security-analyzer/internal/models/finding.go:90.10,91.11 1 0
github.com/wanaware/gcp-security-analyzer/internal/models/finding.go:96.35,98.2 1 0
github.com/wanaware/gcp-security-analyzer/internal/models/finding.go:101.33,103.2 1 0
github.com/wanaware/gcp-security-analyzer/internal/models/finding.go:106.38,107.18 1 0
github.com/wanaware/gcp-security-analyzer/internal/models/finding.go:107.18,109.3 1 0
github.com/wanaware/gcp-security-analyzer/internal/models/finding.go:110.2,110.40 1 0
github.com/wanaware/gcp-security-analyzer/internal/models/finding.go:110.40,111.23 1 0
github.com/wanaware/gcp-security-analyzer/internal/models/finding.go:111.23,113.4 1 0
github.com/wanaware/gcp-security-analyzer/internal/models/finding.go:115.2,115.15 1 0
github.com/wanaware/gcp-security-analyzer/internal/models/risk_score.go:77.46,78.9 1 0
github.com/wanaware/gcp-security-analyzer/internal/models/risk_score.go:79.19,80.26 1 0
github.com/wanaware/gcp-security-analyzer/internal/models/risk_score.go:81.19,82.22 1 0
github.com/wanaware/gcp-security-analyzer/internal/models/risk_score.go:83.19,84.24 1 0
github.com/wanaware/gcp-security-analyzer/internal/models/risk_score.go:85.10,86.21 1 0
github.com/wanaware/gcp-security-analyzer/pkg/compliance/detector.go:16.30,16.52 1 1
github.com/wanaware/gcp-security-analyzer/pkg/compliance/detector.go:20.56,24.2 3 1
github.com/wanaware/gcp-security-analyzer/pkg/compliance/detector.go:27.99,31.29 2 1
github.com/wanaware/gcp-security-analyzer/pkg/compliance/detector.go:31.29,32.34 1 1
github.com/wanaware/gcp-security-analyzer/pkg/compliance/detector.go:32.34,34.31 2 1
github.com/wanaware/gcp-security-analyzer/pkg/compliance/detector.go:34.31,36.5 1 1
github.com/wanaware/gcp-security-analyzer/pkg/compliance/detector.go:37.4,38.42 2 1
github.com/wanaware/gcp-security-analyzer/pkg/compliance/detector.go:38.42,41.5 2 1
github.com/wanaware/gcp-security-analyzer/pkg/compliance/detector.go:41.10,50.5 2 1
github.com/wanaware/gcp-security-analyzer/pkg/compliance/detector.go:55.2,56.34 2 1
github.com/wanaware/gcp-security-analyzer/pkg/compliance/detector.go:56.34,58.30 2 1
github.com/wanaware/gcp-security-analyzer/pkg/compliance/detector.go:58.30,60.4 1 1
github.com/wanaware/gcp-security-analyzer/pkg/compliance/detector.go:61.3,61.40 1 1
github.com/wanaware/gcp-security-analyzer/pkg/compliance/detector.go:61.40,63.4 1 0
github.com/wanaware/gcp-security-analyzer/pkg/compliance/detector.go:64.3,64.20 1 1
github.com/wanaware/gcp-security-analyzer/pkg/compliance/detector.go:66.2,66.15 1 1
github.com/wanaware/gcp-security-analyzer/pkg/compliance/detector.go:71.85,73.45 2 1
github.com/wanaware/gcp-security-analyzer/pkg/compliance/detector.go:73.45,75.3 1 1
github.com/wanaware/gcp-security-analyzer/pkg/compliance/detector.go:77.2,88.62 3 1
github.com/wanaware/gcp-security-analyzer/pkg/compliance/detector.go:88.62,91.64 2 0
github.com/wanaware/gcp-security-analyzer/pkg/compliance/detector.go:91.64,93.4 1 0
github.com/wanaware/gcp-security-analyzer/pkg/compliance/detector.go:93.9,95.4 1 0
github.com/wanaware/gcp-security-analyzer/pkg/compliance/detector.go:98.2,99.28 2 1
github.com/wanaware/gcp-security-analyzer/pkg/compliance/detector.go:99.28,101.15 2 1
github.com/wanaware/gcp-security-analyzer/pkg/compliance/detector.go:101.15,103.4 1 0
github.com/wanaware/gcp-security-analyzer/pkg/compliance/detector.go:104.3,104.15 1 1
github.com/wanaware/gcp-security-analyzer/pkg/compliance/detector.go:104.15,106.4 1 0
github.com/wanaware/gcp-security-analyzer/pkg/compliance/detector.go:107.3,110.20 3 1
github.com/wanaware/gcp-security-analyzer/pkg/compliance/detector.go:110.20,112.4 1 0
github.com/wanaware/gcp-security-analyzer/pkg/compliance/detector.go:114.3,114.20 1 1
github.com/wanaware/gcp-security-analyzer/pkg/compliance/detector.go:114.20,120.12 2 0
github.com/wanaware/gcp-security-analyzer/pkg/compliance/detector.go:123.3,123.26 1 1
github.com/wanaware/gcp-security-analyzer/pkg/compliance/detector.go:123.26,129.4 1 1
github.com/wanaware/gcp-security-analyzer/pkg/compliance/detector.go:131.2,131.19 1 1
github.com/wanaware/gcp-security-analyzer/pkg/compliance/detector.go:135.91,137.45 2 1
github.com/wanaware/gcp-security-analyzer/pkg/compliance/detector.go:137.45,139.3 1 1
github.com/wanaware/gcp-security-analyzer/pkg/compliance/detector.go:141.2,149.58 3 1
github.com/wanaware/gcp-security-analyzer/pkg/compliance/detector.go:149.58,152.61 2 0
github.com/wanaware/gcp-security-analyzer/pkg/compliance/detector.go:152.61,153.30 1 0
github.com/wanaware/gcp-security-analyzer/pkg/compliance/detector.go:153.30,156.5 2 0
github.com/wanaware/gcp-security-analyzer/pkg/compliance/detector.go:157.9,159.4 1 0
github.com/wanaware/gcp-security-analyzer/pkg/compliance/detector.go:162.2,163.25 2 1
github.com/wanaware/gcp-security-analyzer/pkg/compliance/detector.go:163.25,165.36 2 1
github.com/wanaware/gcp-security-analyzer/pkg/compliance/detector.go:165.36,172.4 1 1
github.com/wanaware/gcp-security-analyzer/pkg/compliance/detector.go:174.2,174.19 1 1
github.com/wanaware/gcp-security-analyzer/pkg/compliance/detector.go:178.84,181.23 3 1
github.com/wanaware/gcp-security-analyzer/pkg/compliance/detector.go:181.23,183.17 2 1
github.com/wanaware/gcp-security-analyzer/pkg/compliance/detector.go:183.17,186.4 2 1
github.com/wanaware/gcp-security-analyzer/pkg/compliance/detector.go:188.2,188.12 1 1
github.com/wanaware/gcp-security-analyzer/pkg/compliance/frameworks.go:61.13,63.37 2 1
github.com/wanaware/gcp-security-analyzer/pkg/compliance/frameworks.go:63.37,64.36 1 1
github.com/wanaware/gcp-security-analyzer/pkg/compliance/frameworks.go:64.36,66.4 1 1
github.com/wanaware/gcp-security-analyzer/pkg/compliance/frameworks.go:71.33,73.30 2 1
github.com/wanaware/gcp-security-analyzer/pkg/compliance/frameworks.go:73.30,75.27 2 1
github.com/wanaware/gcp-security-analyzer/pkg/compliance/frameworks.go:75.27,77.4 1 1
github.com/wanaware/gcp-security-analyzer/pkg/compliance/frameworks.go:77.9,77.46 1 1
github.com/wanaware/gcp-security-analyzer/pkg/compliance/frameworks.go:77.46,79.4 1 1
github.com/wanaware/gcp-security-analyzer/pkg/compliance/frameworks.go:81.2,81.20 1 1
github.com/wanaware/gcp-security-analyzer/pkg/compliance/frameworks.go:86.42,87.49 1 1
github.com/wanaware/gcp-security-analyzer/pkg/compliance/frameworks.go:87.49,89.3 1 1
github.com/wanaware/gcp-security-analyzer/pkg/compliance/frameworks.go:90.2,90.17 1 1
github.com/wanaware/gcp-security-analyzer/pkg/compliance/frameworks.go:94.49,95.37 1 0
github.com/wanaware/gcp-security-analyzer/pkg/compliance/frameworks.go:95.37,96.18 1 0
github.com/wanaware/gcp-security-analyzer/pkg/compliance/frameworks.go:96.18,98.4 1 0
github.com/wanaware/gcp-security-analyzer/pkg/compliance/frameworks.go:100.2,100.27 1 0
github.com/wanaware/gcp-security-analyzer/internal/models/finding.go:80.39,81.20 1 0
github.com/wanaware/gcp-security-analyzer/internal/models/finding.go:82.18,83.11 1 0
github.com/wanaware/gcp-security-analyzer/internal/models/finding.go:84.14,85.11 1 0
github.com/wanaware/gcp-security-analyzer/internal/models/finding.go:86.16,87.11 1 0
github.com/wanaware/gcp-security-analyzer/internal/models/finding.go:88.13,89.11 1 0
github.com/wanaware/gcp-security-analyzer/internal/models/finding.go:90.10,91.11 1 0
github.com/wanaware/gcp-security-analyzer/internal/models/finding.go:96.35,98.2 1 0
github.com/wanaware/gcp-security-analyzer/internal/models/finding.go:101.33,103.2 1 1
github.com/wanaware/gcp-security-analyzer/internal/models/finding.go:106.38,107.18 1 0
github.com/wanaware/gcp-security-analyzer/internal/models/finding.go:107.18,109.3 1 0
github.com/wanaware/gcp-security-analyzer/internal/models/finding.go:110.2,110.40 1 0
github.com/wanaware/gcp-security-analyzer/internal/models/finding.go:110.40,111.23 1 0
github.com/wanaware/gcp-security-analyzer/internal/models/finding.go:111.23,113.4 1 0
github.com/wanaware/gcp-security-analyzer/internal/models/finding.go:115.2,115.15 1 0
github.com/wanaware/gcp-security-analyzer/internal/models/risk_score.go:77.46,78.9 1 1
github.com/wanaware/gcp-security-analyzer/internal/models/risk_score.go:79.19,80.26 1 1
github.com/wanaware/gcp-security-analyzer/internal/models/risk_score.go:81.19,82.22 1 1
github.com/wanaware/gcp-security-analyzer/internal/models/risk_score.go:83.19,84.24 1 1
github.com/wanaware/gcp-security-analyzer/internal/models/risk_score.go:85.10,86.21 1 1
github.com/wanaware/gcp-security-analyzer/pkg/scoring/priorities.go:12.90,13.26 1 1
github.com/wanaware/gcp-security-analyzer/pkg/scoring/priorities.go:13.26,15.3 1 1
github.com/wanaware/gcp-security-analyzer/pkg/scoring/priorities.go:16.2,17.31 2 1
github.com/wanaware/gcp-security-analyzer/pkg/scoring/priorities.go:17.31,19.3 1 1
github.com/wanaware/gcp-security-analyzer/pkg/scoring/priorities.go:20.2,21.29 2 1
github.com/wanaware/gcp-security-analyzer/pkg/scoring/priorities.go:21.29,22.26 1 1
github.com/wanaware/gcp-security-analyzer/pkg/scoring/priorities.go:22.26,24.4 1 1
github.com/wanaware/gcp-security-analyzer/pkg/scoring/priorities.go:26.2,26.12 1 1
github.com/wanaware/gcp-security-analyzer/pkg/scoring/priorities.go:30.90,31.26 1 1
github.com/wanaware/gcp-security-analyzer/pkg/scoring/priorities.go:31.26,33.3 1 0
github.com/wanaware/gcp-security-analyzer/pkg/scoring/priorities.go:34.2,35.31 2 1
github.com/wanaware/gcp-security-analyzer/pkg/scoring/priorities.go:35.31,37.3 1 1
github.com/wanaware/gcp-security-analyzer/pkg/scoring/priorities.go:38.2,39.29 2 1
github.com/wanaware/gcp-security-analyzer/pkg/scoring/priorities.go:39.29,40.26 1 1
github.com/wanaware/gcp-security-analyzer/pkg/scoring/priorities.go:40.26,42.4 1 1
github.com/wanaware/gcp-security-analyzer/pkg/scoring/priorities.go:44.2,44.12 1 1
github.com/wanaware/gcp-security-analyzer/pkg/scoring/priorities.go:48.87,49.24 1 0
github.com/wanaware/gcp-security-analyzer/pkg/scoring/priorities.go:49.24,51.3 1 0
github.com/wanaware/gcp-security-analyzer/pkg/scoring/priorities.go:52.2,53.29 2 0
github.com/wanaware/gcp-security-analyzer/pkg/scoring/priorities.go:53.29,55.3 1 0
github.com/wanaware/gcp-security-analyzer/pkg/scoring/priorities.go:56.2,57.29 2 0
github.com/wanaware/gcp-security-analyzer/pkg/scoring/priorities.go:57.29,58.60 1 0
github.com/wanaware/gcp-security-analyzer/pkg/scoring/priorities.go:58.60,60.4 1 0
github.com/wanaware/gcp-security-analyzer/pkg/scoring/priorities.go:62.2,62.12 1 0
github.com/wanaware/gcp-security-analyzer/pkg/scoring/priorities.go:66.88,68.29 2 1
github.com/wanaware/gcp-security-analyzer/pkg/scoring/priorities.go:68.29,69.25 1 1
github.com/wanaware/gcp-security-analyzer/pkg/scoring/priorities.go:69.25,70.12 1 0
github.com/wanaware/gcp-security-analyzer/pkg/scoring/priorities.go:72.3,72.59 1 1
github.com/wanaware/gcp-security-analyzer/pkg/scoring/priorities.go:72.59,74.4 1 1
github.com/wanaware/gcp-security-analyzer/pkg/scoring/priorities.go:76.2,76.12 1 1
github.com/wanaware/gcp-security-analyzer/pkg/scoring/priorities.go:80.50,81.43 1 1
github.com/wanaware/gcp-security-analyzer/pkg/scoring/priorities.go:81.43,83.35 2 1
github.com/wanaware/gcp-security-analyzer/pkg/scoring/priorities.go:83.35,85.4 1 1
github.com/wanaware/gcp-security-analyzer/pkg/scoring/priorities.go:86.3,86.35 1 1
github.com/wanaware/gcp-security-analyzer/pkg/scoring/priorities.go:86.35,88.4 1 1
github.com/wanaware/gcp-security-analyzer/pkg/scoring/priorities.go:89.3,89.17 1 1
github.com/wanaware/gcp-security-analyzer/pkg/scoring/priorities.go:94.79,101.29 2 1
github.com/wanaware/gcp-security-analyzer/pkg/scoring/priorities.go:101.29,103.14 2 1
github.com/wanaware/gcp-security-analyzer/pkg/scoring/priorities.go:103.14,105.4 1 0
github.com/wanaware/gcp-security-analyzer/pkg/scoring/priorities.go:106.3,106.35 1 1
github.com/wanaware/gcp-security-analyzer/pkg/scoring/priorities.go:108.2,108.15 1 1
github.com/wanaware/gcp-security-analyzer/pkg/scoring/priorities.go:112.69,114.29 2 1
github.com/wanaware/gcp-security-analyzer/pkg/scoring/priorities.go:114.29,115.25 1 1
github.com/wanaware/gcp-security-analyzer/pkg/scoring/priorities.go:115.25,117.4 1 1
github.com/wanaware/gcp-security-analyzer/pkg/scoring/priorities.go:119.2,119.22 1 1
github.com/wanaware/gcp-security-analyzer/pkg/scoring/priorities.go:119.22,121.3 1 1
github.com/wanaware/gcp-security-analyzer/pkg/scoring/priorities.go:122.2,130.3 2 1
github.com/wanaware/gcp-security-analyzer/pkg/scoring/risk.go:34.36,48.2 1 1
github.com/wanaware/gcp-security-analyzer/pkg/scoring/risk.go:57.65,58.19 1 1
github.com/wanaware/gcp-security-analyzer/pkg/scoring/risk.go:58.19,60.3 1 1
github.com/wanaware/gcp-security-analyzer/pkg/scoring/risk.go:61.2,61.42 1 1
github.com/wanaware/gcp-security-analyzer/pkg/scoring/risk.go:66.61,86.2 15 1
github.com/wanaware/gcp-security-analyzer/pkg/scoring/risk.go:89.55,96.29 3 1
github.com/wanaware/gcp-security-analyzer/pkg/scoring/risk.go:96.29,98.3 1 1
github.com/wanaware/gcp-security-analyzer/pkg/scoring/risk.go:99.2,103.29 3 1
github.com/wanaware/gcp-security-analyzer/pkg/scoring/risk.go:103.29,105.3 1 1
github.com/wanaware/gcp-security-analyzer/pkg/scoring/risk.go:106.2,106.18 1 1
github.com/wanaware/gcp-security-analyzer/pkg/scoring/risk.go:106.18,108.3 1 0
github.com/wanaware/gcp-security-analyzer/pkg/scoring/risk.go:110.2,111.31 2 1
github.com/wanaware/gcp-security-analyzer/pkg/scoring/risk.go:111.31,112.13 1 1
github.com/wanaware/gcp-security-analyzer/pkg/scoring/risk.go:112.13,113.24 1 1
github.com/wanaware/gcp-security-analyzer/pkg/scoring/risk.go:113.24,115.5 1 1
github.com/wanaware/gcp-security-analyzer/pkg/scoring/risk.go:116.4,116.22 1 1
github.com/wanaware/gcp-security-analyzer/pkg/scoring/risk.go:119.2,119.31 1 1
github.com/wanaware/gcp-security-analyzer/pkg/scoring/risk.go:119.31,121.3 1 1
github.com/wanaware/gcp-security-analyzer/pkg/scoring/risk.go:125.63,126.20 1 1
github.com/wanaware/gcp-security-analyzer/pkg/scoring/risk.go:127.18,128.28 1 1
github.com/wanaware/gcp-security-analyzer/pkg/scoring/risk.go:129.14,130.24 1 1
github.com/wanaware/gcp-security-analyzer/pkg/scoring/risk.go:131.16,132.26 1 1
github.com/wanaware/gcp-security-analyzer/pkg/scoring/risk.go:133.13,134.23 1 1
github.com/wanaware/gcp-security-analyzer/pkg/scoring/risk.go:135.10,136.23 1 1
github.com/wanaware/gcp-security-analyzer/pkg/scoring/risk.go:141.55,142.22 1 1
github.com/wanaware/gcp-security-analyzer/pkg/scoring/risk.go:142.22,144.3 1 1
github.com/wanaware/gcp-security-analyzer/pkg/scoring/risk.go:145.2,146.40 2 1
github.com/wanaware/gcp-security-analyzer/pkg/scoring/risk.go:150.65,153.22 2 1
github.com/wanaware/gcp-security-analyzer/pkg/scoring/risk.go:153.22,155.3 1 1
github.com/wanaware/gcp-security-analyzer/pkg/scoring/risk.go:156.2,156.15 1 1
github.com/wanaware/gcp-security-analyzer/pkg/scoring/risk.go:156.15,158.3 1 1
github.com/wanaware/gcp-security-analyzer/pkg/scoring/risk.go:161.2,161.27 1 1
github.com/wanaware/gcp-security-analyzer/pkg/scoring/risk.go:162.24,163.13 1 1
github.com/wanaware/gcp-security-analyzer/pkg/scoring/risk.go:164.23,165.13 1 0
github.com/wanaware/gcp-security-analyzer/pkg/scoring/risk.go:166.13,167.13 1 0
github.com/wanaware/gcp-security-analyzer/pkg/scoring/risk.go:171.2,171.16 1 1
github.com/wanaware/gcp-security-analyzer/pkg/scoring/risk.go:171.16,173.3 1 1
github.com/wanaware/gcp-security-analyzer/pkg/scoring/risk.go:175.2,175.43 1 1
github.com/wanaware/gcp-security-analyzer/pkg/scoring/risk.go:179.64,180.24 1 1
github.com/wanaware/gcp-security-analyzer/pkg/scoring/risk.go:181.16,182.12 1 1
github.com/wanaware/gcp-security-analyzer/pkg/scoring/risk.go:183.23,184.11 1 1
github.com/wanaware/gcp-security-analyzer/pkg/scoring/risk.go:185.26,186.11 1 1
github.com/wanaware/gcp-security-analyzer/pkg/scoring/risk.go:187.21,188.11 1 1
github.com/wanaware/gcp-security-analyzer/pkg/scoring/risk.go:189.10,190.11 1 1
github.com/wanaware/gcp-security-analyzer/pkg/scoring/risk.go:207.59,210.23 2 1
github.com/wanaware/gcp-security-analyzer/pkg/scoring/risk.go:210.23,212.3 1 1
github.com/wanaware/gcp-security-analyzer/pkg/scoring/risk.go:214.2,215.75 2 1
github.com/wanaware/gcp-security-analyzer/pkg/scoring/risk.go:215.75,217.3 1 1
github.com/wanaware/gcp-security-analyzer/pkg/scoring/risk.go:218.2,218.97 1 1
github.com/wanaware/gcp-security-analyzer/pkg/scoring/risk.go:218.97,220.3 1 1
github.com/wanaware/gcp-security-analyzer/pkg/scoring/risk.go:222.2,222.44 1 1
github.com/wanaware/gcp-security-analyzer/pkg/scoring/risk.go:226.61,229.63 2 1
github.com/wanaware/gcp-security-analyzer/pkg/scoring/risk.go:229.63,231.3 1 1
github.com/wanaware/gcp-security-analyzer/pkg/scoring/risk.go:232.2,232.34 1 1
github.com/wanaware/gcp-security-analyzer/pkg/scoring/risk.go:232.34,234.3 1 1
github.com/wanaware/gcp-security-analyzer/pkg/scoring/risk.go:236.2,237.69 2 1
github.com/wanaware/gcp-security-analyzer/pkg/scoring/risk.go:237.69,239.3 1 1
github.com/wanaware/gcp-security-analyzer/pkg/scoring/risk.go:241.2,241.46 1 1
github.com/wanaware/gcp-security-analyzer/pkg/scoring/risk.go:245.60,247.41 2 1
github.com/wanaware/gcp-security-analyzer/pkg/scoring/risk.go:247.41,248.33 1 1
github.com/wanaware/gcp-security-analyzer/pkg/scoring/risk.go:248.33,250.4 1 1
github.com/wanaware/gcp-security-analyzer/pkg/scoring/risk.go:252.2,252.40 1 1
github.com/wanaware/gcp-security-analyzer/pkg/scoring/risk.go:252.40,253.33 1 1
github.com/wanaware/gcp-security-analyzer/pkg/scoring/risk.go:253.33,255.4 1 1
github.com/wanaware/gcp-security-analyzer/pkg/scoring/risk.go:257.2,257.28 1 1
github.com/wanaware/gcp-security-analyzer/pkg/scoring/risk.go:261.81,266.26 3 1
github.com/wanaware/gcp-security-analyzer/pkg/scoring/risk.go:266.26,268.3 1 1
github.com/wanaware/gcp-security-analyzer/pkg/scoring/risk.go:269.2,269.22 1 1
github.com/wanaware/gcp-security-analyzer/pkg/scoring/risk.go:269.22,271.3 1 1
github.com/wanaware/gcp-security-analyzer/pkg/scoring/risk.go:272.2,272.15 1 1
github.com/wanaware/gcp-security-analyzer/pkg/scoring/risk.go:272.15,274.3 1 1
github.com/wanaware/gcp-security-analyzer/pkg/scoring/risk.go:275.2,275.16 1 1
github.com/wanaware/gcp-security-analyzer/pkg/scoring/risk.go:275.16,277.3 1 1
github.com/wanaware/gcp-security-analyzer/pkg/scoring/risk.go:278.2,278.23 1 1
github.com/wanaware/gcp-security-analyzer/pkg/scoring/risk.go:278.23,280.3 1 1
github.com/wanaware/gcp-security-analyzer/pkg/scoring/risk.go:281.2,281.37 1 1
github.com/wanaware/gcp-security-analyzer/pkg/scoring/risk.go:281.37,283.3 1 1
github.com/wanaware/gcp-security-analyzer/pkg/scoring/risk.go:285.2,288.34 3 1
